<?xml version="1.0" encoding="UTF-8"?>
<!-- Generated by org.testng.reporters.JUnitXMLReporter -->
<testsuite hostname="Reginas-MacBook-Pro.local" ignored="0" name="Command line test" tests="5" failures="0" timestamp="2023-01-31T14:34:38 CST" time="190.149" errors="0">
  <testcase name="validateMainMenuItems" time="10.436" classname="scripts.UnitedHomePageTest"/>
  <testcase name="validateBookTravelManu" time="1.906" classname="scripts.UnitedHomePageTest"/>
  <testcase name="validateRoundTripAndOneWayButtons" time="5.676" classname="scripts.UnitedHomePageTest"/>
  <testcase name="validateBookWithMilesAndFlexibleDatesCheckboxes" time="9.589" classname="scripts.UnitedHomePageTest"/>
  <testcase name="ValidateOneWayTicketSearchResult" time="16.762" classname="scripts.UnitedHomePageTest"/>
</testsuite> <!-- Command line test -->
