<?xml version="1.0" encoding="UTF-8"?>
<testng-results skipped="0" failed="0" ignored="0" total="5" passed="5">
  <reporter-output>
  </reporter-output>
  <suite name="scripts.UnitedHomePageTest" duration-ms="190149" started-at="2023-01-31T14:31:27 CST" finished-at="2023-01-31T14:34:38 CST">
    <groups>
    </groups>
    <test name="Command line test" duration-ms="190149" started-at="2023-01-31T14:31:27 CST" finished-at="2023-01-31T14:34:38 CST">
      <class name="scripts.UnitedHomePageTest">
        <test-method status="PASS" signature="setup()[pri:0, instance:scripts.UnitedHomePageTest@42e26948]" name="setup" is-config="true" duration-ms="30296" started-at="2023-01-31T14:31:28 CST" finished-at="2023-01-31T14:31:58 CST">
          <reporter-output>
          </reporter-output>
        </test-method> <!-- setup -->
        <test-method status="PASS" signature="validateMainMenuItems()[pri:1, instance:scripts.UnitedHomePageTest@42e26948]" name="validateMainMenuItems" duration-ms="10436" started-at="2023-01-31T14:31:58 CST" description="Validate &quot;Main Menu&quot; navigation items" finished-at="2023-01-31T14:32:08 CST">
          <reporter-output>
          </reporter-output>
        </test-method> <!-- validateMainMenuItems -->
        <test-method status="PASS" signature="teardown()[pri:0, instance:scripts.UnitedHomePageTest@42e26948]" name="teardown" is-config="true" duration-ms="178" started-at="2023-01-31T14:32:08 CST" finished-at="2023-01-31T14:32:08 CST">
          <reporter-output>
          </reporter-output>
        </test-method> <!-- teardown -->
        <test-method status="PASS" signature="setup()[pri:0, instance:scripts.UnitedHomePageTest@42e26948]" name="setup" is-config="true" duration-ms="27763" started-at="2023-01-31T14:32:08 CST" finished-at="2023-01-31T14:32:36 CST">
          <reporter-output>
          </reporter-output>
        </test-method> <!-- setup -->
        <test-method status="PASS" signature="validateBookTravelManu()[pri:2, instance:scripts.UnitedHomePageTest@42e26948]" name="validateBookTravelManu" duration-ms="1906" started-at="2023-01-31T14:32:36 CST" description="Validate &quot;Book travel menu&quot; navigation items" finished-at="2023-01-31T14:32:38 CST">
          <reporter-output>
          </reporter-output>
        </test-method> <!-- validateBookTravelManu -->
        <test-method status="PASS" signature="teardown()[pri:0, instance:scripts.UnitedHomePageTest@42e26948]" name="teardown" is-config="true" duration-ms="1082" started-at="2023-01-31T14:32:38 CST" finished-at="2023-01-31T14:32:39 CST">
          <reporter-output>
          </reporter-output>
        </test-method> <!-- teardown -->
        <test-method status="PASS" signature="setup()[pri:0, instance:scripts.UnitedHomePageTest@42e26948]" name="setup" is-config="true" duration-ms="29653" started-at="2023-01-31T14:32:39 CST" finished-at="2023-01-31T14:33:09 CST">
          <reporter-output>
          </reporter-output>
        </test-method> <!-- setup -->
        <test-method status="PASS" signature="validateRoundTripAndOneWayButtons()[pri:3, instance:scripts.UnitedHomePageTest@42e26948]" name="validateRoundTripAndOneWayButtons" duration-ms="5676" started-at="2023-01-31T14:33:09 CST" description="Validate &quot;Round-trip&quot; and &quot;One-way&quot; radio buttons" finished-at="2023-01-31T14:33:15 CST">
          <reporter-output>
          </reporter-output>
        </test-method> <!-- validateRoundTripAndOneWayButtons -->
        <test-method status="PASS" signature="teardown()[pri:0, instance:scripts.UnitedHomePageTest@42e26948]" name="teardown" is-config="true" duration-ms="186" started-at="2023-01-31T14:33:15 CST" finished-at="2023-01-31T14:33:15 CST">
          <reporter-output>
          </reporter-output>
        </test-method> <!-- teardown -->
        <test-method status="PASS" signature="setup()[pri:0, instance:scripts.UnitedHomePageTest@42e26948]" name="setup" is-config="true" duration-ms="26743" started-at="2023-01-31T14:33:15 CST" finished-at="2023-01-31T14:33:41 CST">
          <reporter-output>
          </reporter-output>
        </test-method> <!-- setup -->
        <test-method status="PASS" signature="validateBookWithMilesAndFlexibleDatesCheckboxes()[pri:4, instance:scripts.UnitedHomePageTest@42e26948]" name="validateBookWithMilesAndFlexibleDatesCheckboxes" duration-ms="9589" started-at="2023-01-31T14:33:41 CST" description="Validate &quot;Book with miles&quot; and &quot;Flexible dates&quot; checkboxes" finished-at="2023-01-31T14:33:51 CST">
          <reporter-output>
          </reporter-output>
        </test-method> <!-- validateBookWithMilesAndFlexibleDatesCheckboxes -->
        <test-method status="PASS" signature="teardown()[pri:0, instance:scripts.UnitedHomePageTest@42e26948]" name="teardown" is-config="true" duration-ms="454" started-at="2023-01-31T14:33:51 CST" finished-at="2023-01-31T14:33:51 CST">
          <reporter-output>
          </reporter-output>
        </test-method> <!-- teardown -->
        <test-method status="PASS" signature="setup()[pri:0, instance:scripts.UnitedHomePageTest@42e26948]" name="setup" is-config="true" duration-ms="28830" started-at="2023-01-31T14:33:51 CST" finished-at="2023-01-31T14:34:20 CST">
          <reporter-output>
          </reporter-output>
        </test-method> <!-- setup -->
        <test-method status="PASS" signature="ValidateOneWayTicketSearchResult()[pri:5, instance:scripts.UnitedHomePageTest@42e26948]" name="ValidateOneWayTicketSearchResult" duration-ms="16762" started-at="2023-01-31T14:34:20 CST" description="Validate One-way ticket search results &quot;from Chicago, IL, US (ORD) to Miami, FL, US (MIA)&quot;" finished-at="2023-01-31T14:34:37 CST">
          <reporter-output>
          </reporter-output>
        </test-method> <!-- ValidateOneWayTicketSearchResult -->
        <test-method status="PASS" signature="teardown()[pri:0, instance:scripts.UnitedHomePageTest@42e26948]" name="teardown" is-config="true" duration-ms="530" started-at="2023-01-31T14:34:37 CST" finished-at="2023-01-31T14:34:38 CST">
          <reporter-output>
          </reporter-output>
        </test-method> <!-- teardown -->
      </class> <!-- scripts.UnitedHomePageTest -->
    </test> <!-- Command line test -->
  </suite> <!-- scripts.UnitedHomePageTest -->
</testng-results>
